app/build/outputs/mapping/release/seeds.txt
localhost_3000.twa.Application: Application()
localhost_3000.twa.DelegationService: DelegationService()
localhost_3000.twa.LauncherActivity: LauncherActivity()
localhost_3000.twa.Application
localhost_3000.twa.LauncherActivity
localhost_3000.twa.DelegationService
...
com.google.androidbrowserhelper.trusted.NotificationPermissionRequestActivity
androidx.lifecycle.SingleGeneratedAdapterObserver
androidx.core.graphics.drawable.IconCompat: IconCompat()
com.google.androidbrowserhelper.trusted.ManageDataLauncherActivity
android.support.v4.graphics.drawable.IconCompatParcelizer: androidx.core.graphics.drawable.IconCompat read(androidx.versionedparcelable.VersionedParcel)
androidx.core.content.FileProvider: FileProvider()
androidx.core.content.FileProvider
androidx.lifecycle.CompositeGeneratedAdaptersObserver
android.support.v4.app.RemoteActionCompatParcelizer: androidx.core.app.RemoteActionCompat read(androidx.versionedparcelable.VersionedParcel)
androidx.core.graphics.drawable.IconCompatParcelizer: IconCompatParcelizer()
androidx.browser.browseractions.BrowserActionsFallbackMenuView: BrowserActionsFallbackMenuView(android.content.Context,android.util.AttributeSet)
androidx.core.app.RemoteActionCompatParcelizer: void write(androidx.core.app.RemoteActionCompat,androidx.versionedparcelable.VersionedParcel)
com.google.androidbrowserhelper.trusted.DelegationService: DelegationService()
androidx.core.app.RemoteActionCompat
android.support.v4.app.RemoteActionCompatParcelizer: void write(androidx.core.app.RemoteActionCompat,androidx.versionedparcelable.VersionedParcel)
com.google.androidbrowserhelper.trusted.ManageDataLauncherActivity: ManageDataLauncherActivity()
com.google.androidbrowserhelper.trusted.FocusActivity
android.support.v4.graphics.drawable.IconCompatParcelizer: void write(androidx.core.graphics.drawable.IconCompat,androidx.versionedparcelable.VersionedParcel)
androidx.core.graphics.drawable.IconCompatParcelizer: void write(androidx.core.graphics.drawable.IconCompat,androidx.versionedparcelable.VersionedParcel)
androidx.versionedparcelable.ParcelImpl: android.os.Parcelable$Creator CREATOR
androidx.lifecycle.FullLifecycleObserverAdapter
android.support.v4.graphics.drawable.IconCompatParcelizer
androidx.versionedparcelable.CustomVersionedParcelable
android.support.v4.app.RemoteActionCompatParcelizer: RemoteActionCompatParcelizer()
androidx.browser.browseractions.BrowserActionsFallbackMenuView
android.support.v4.app.RemoteActionCompatParcelizer
com.google.androidbrowserhelper.trusted.FocusActivity: FocusActivity()
androidx.core.app.RemoteActionCompat: RemoteActionCompat()
androidx.core.app.RemoteActionCompatParcelizer
androidx.core.app.CoreComponentFactory
androidx.core.app.RemoteActionCompatParcelizer: RemoteActionCompatParcelizer()
com.google.androidbrowserhelper.trusted.LauncherActivity: LauncherActivity()
androidx.core.app.RemoteActionCompatParcelizer: androidx.core.app.RemoteActionCompat read(androidx.versionedparcelable.VersionedParcel)
androidx.versionedparcelable.CustomVersionedParcelable: CustomVersionedParcelable()
com.google.androidbrowserhelper.trusted.NotificationPermissionRequestActivity: NotificationPermissionRequestActivity()
androidx.lifecycle.ReflectiveGenericLifecycleObserver
androidx.core.graphics.drawable.IconCompat
android.support.v4.graphics.drawable.IconCompatParcelizer: IconCompatParcelizer()
androidx.core.graphics.drawable.IconCompatParcelizer: androidx.core.graphics.drawable.IconCompat read(androidx.versionedparcelable.VersionedParcel)
androidx.annotation.Keep
com.google.androidbrowserhelper.trusted.WebViewFallbackActivity: WebViewFallbackActivity()
com.google.androidbrowserhelper.trusted.WebViewFallbackActivity
androidx.core.app.CoreComponentFactory: CoreComponentFactory()
androidx.browser.trusted.TrustedWebActivityService: TrustedWebActivityService()
androidx.versionedparcelable.ParcelImpl
androidx.core.graphics.drawable.IconCompatParcelizer