app/build/outputs/mapping/release/mapping.txt
# compiler: R8
# compiler_version: 2.1.86
# min_api: 19
# pg_map_id: 2416324
# common_typos_disable
localhost_3000.twa.LauncherActivity -> localhost_3000.twa.LauncherActivity:
    android.net.Uri getLaunchingUrl() -> g
...
android.support.customtabs.ICustomTabsCallback -> a.a.a.a:
    void onPostMessage(java.lang.String,android.os.Bundle) -> c
    void extraCallback(java.lang.String,android.os.Bundle) -> e
    void onMessageChannelReady(android.os.Bundle) -> f
    android.os.Bundle extraCallbackWithResult(java.lang.String,android.os.Bundle) -> l
    void onNavigationEvent(int,android.os.Bundle) -> m
    void onRelationshipValidationResult(int,android.net.Uri,boolean,android.os.Bundle) -> q
android.support.customtabs.ICustomTabsCallback$Stub -> a.a.a.a$a:
android.support.customtabs.ICustomTabsService -> a.a.a.b:
    boolean newSessionWithExtras(android.support.customtabs.ICustomTabsCallback,android.os.Bundle) -> b
    boolean warmup(long) -> j
    boolean newSession(android.support.customtabs.ICustomTabsCallback) -> k
    boolean validateRelationship(android.support.customtabs.ICustomTabsCallback,int,android.net.Uri,android.os.Bundle) -> o
    boolean receiveFile(android.support.customtabs.ICustomTabsCallback,android.net.Uri,int,android.os.Bundle) -> r
android.support.customtabs.ICustomTabsService$Stub -> a.a.a.b$a:
    android.support.customtabs.ICustomTabsService asInterface(android.os.IBinder) -> s
    android.support.customtabs.ICustomTabsService getDefaultImpl() -> t
android.support.customtabs.ICustomTabsService$Stub$Proxy -> a.a.a.b$a$a:
    android.os.IBinder mRemote -> a
    android.support.customtabs.ICustomTabsService sDefaultImpl -> b
    boolean newSessionWithExtras(android.support.customtabs.ICustomTabsCallback,android.os.Bundle) -> b
    boolean warmup(long) -> j
    boolean newSession(android.support.customtabs.ICustomTabsCallback) -> k
    boolean validateRelationship(android.support.customtabs.ICustomTabsCallback,int,android.net.Uri,android.os.Bundle) -> o
    boolean receiveFile(android.support.customtabs.ICustomTabsCallback,android.net.Uri,int,android.os.Bundle) -> r
android.support.customtabs.trusted.ITrustedWebActivityCallback -> a.a.a.c.a:
android.support.customtabs.trusted.ITrustedWebActivityCallback$Stub -> a.a.a.c.a$a:
    android.support.customtabs.trusted.ITrustedWebActivityCallback asInterface(android.os.IBinder) -> s
android.support.customtabs.trusted.ITrustedWebActivityCallback$Stub$Proxy -> a.a.a.c.a$a$a:
    android.os.IBinder mRemote -> a
android.support.customtabs.trusted.ITrustedWebActivityService -> a.a.a.c.b:
    android.os.Bundle areNotificationsEnabled(android.os.Bundle) -> a
    android.os.Bundle getActiveNotifications() -> d
    int getSmallIconId() -> g
    void cancelNotification(android.os.Bundle) -> h
    android.os.Bundle extraCommand(java.lang.String,android.os.Bundle,android.os.IBinder) -> i
    android.os.Bundle notifyNotificationWithChannel(android.os.Bundle) -> n
    android.os.Bundle getSmallIconBitmap() -> p
android.support.customtabs.trusted.ITrustedWebActivityService$Stub -> a.a.a.c.b$a:
androidx.browser.R$dimen -> b.a.a:
    int browser_actions_context_menu_min_padding -> b
    int browser_actions_context_menu_max_width -> a
androidx.browser.browseractions.BrowserActionsFallbackMenuView -> androidx.browser.browseractions.BrowserActionsFallbackMenuView:
    int mBrowserActionsMenuMaxWidthPx -> b
    int mBrowserActionsMenuMinPaddingPx -> a
androidx.browser.customtabs.CustomTabColorSchemeParams -> b.a.b.a:
    java.lang.Integer navigationBarColor -> c
    java.lang.Integer navigationBarDividerColor -> d
    java.lang.Integer toolbarColor -> a
    java.lang.Integer secondaryToolbarColor -> b
    androidx.browser.customtabs.CustomTabColorSchemeParams fromBundle(android.os.Bundle) -> a
    android.os.Bundle toBundle() -> b
    androidx.browser.customtabs.CustomTabColorSchemeParams withDefaults(androidx.browser.customtabs.CustomTabColorSchemeParams) -> c